Enable cuda True
{'batch_size': 64,
 'epoch': 100,
 'input_hidden_size': 32,
 'learning_rate': 0.01,
 'regression': True,
 'temporal_hidden_size': 32,
 'window_size': 3}
Saving checkpoint to checkpoint/32_32_3_True_nltk
Train loss: 1.7710 - Val loss: 0.9794
Train loss: 1.7572 - Val loss: 1.0020
Train loss: 1.7515 - Val loss: 0.9939
Train loss: 1.7459 - Val loss: 1.0485
Train loss: 1.7466 - Val loss: 0.9981
Train loss: 1.7495 - Val loss: 0.9908
Train loss: 1.7321 - Val loss: 1.0243
Train loss: 1.7227 - Val loss: 1.0131
Train loss: 1.6881 - Val loss: 1.0807
Train loss: 1.6663 - Val loss: 0.9904
Train loss: 1.6494 - Val loss: 1.0566
Train loss: 1.6075 - Val loss: 1.1328
Train loss: 1.5960 - Val loss: 1.1520
Train loss: 1.5822 - Val loss: 1.1504
Train loss: 1.6731 - Val loss: 1.0105
Train loss: 1.6051 - Val loss: 1.0812
Train loss: 1.5580 - Val loss: 1.0357
Train loss: 1.5136 - Val loss: 1.1088
Train loss: 1.5397 - Val loss: 1.0944
Train loss: 1.4948 - Val loss: 1.0695
Train loss: 1.4711 - Val loss: 1.1599
Train loss: 1.4376 - Val loss: 1.0608
Train loss: 1.4282 - Val loss: 1.1165
Train loss: 1.4259 - Val loss: 1.0608
Train loss: 1.4243 - Val loss: 1.1352
Train loss: 1.3741 - Val loss: 1.0791
Train loss: 1.4660 - Val loss: 1.0761
Train loss: 1.7060 - Val loss: 1.0147
Train loss: 1.5029 - Val loss: 1.0768
Train loss: 1.3500 - Val loss: 1.1300
Train loss: 1.3405 - Val loss: 1.1062
Train loss: 1.2963 - Val loss: 1.1193
Train loss: 1.2305 - Val loss: 1.0404
Train loss: 1.2411 - Val loss: 1.1435
Train loss: 1.2393 - Val loss: 1.0724
Train loss: 1.2042 - Val loss: 1.2310
Train loss: 1.3136 - Val loss: 1.0877
Train loss: 1.2996 - Val loss: 1.1107
Train loss: 1.5137 - Val loss: 1.0685
Train loss: 1.2867 - Val loss: 1.1188
Train loss: 1.2430 - Val loss: 1.1420
Train loss: 1.2934 - Val loss: 1.0697
Train loss: 1.2294 - Val loss: 1.0787
Train loss: 1.2193 - Val loss: 1.0289
Train loss: 1.1464 - Val loss: 1.0653
Train loss: 1.1824 - Val loss: 1.0085
Train loss: 1.1228 - Val loss: 1.0627
Train loss: 1.1542 - Val loss: 1.0505
Train loss: 1.1095 - Val loss: 1.0953
Train loss: 1.0840 - Val loss: 1.0492
Train loss: 1.0877 - Val loss: 1.0235
Train loss: 1.1155 - Val loss: 1.0971
Train loss: 1.1276 - Val loss: 1.0639
Train loss: 1.2264 - Val loss: 1.0119
Train loss: 1.1752 - Val loss: 1.0808
Train loss: 1.1169 - Val loss: 1.0197
Train loss: 1.0826 - Val loss: 1.0671
Train loss: 1.0597 - Val loss: 1.0243
Train loss: 1.0355 - Val loss: 1.0131
Train loss: 1.0693 - Val loss: 1.1248
Train loss: 1.0838 - Val loss: 1.0734
Train loss: 1.0209 - Val loss: 1.0792
Train loss: 1.0091 - Val loss: 1.1113
Train loss: 1.0065 - Val loss: 1.1008
Train loss: 0.9530 - Val loss: 1.1526
Train loss: 1.0277 - Val loss: 1.0598
Train loss: 1.1016 - Val loss: 1.1002
Train loss: 1.0246 - Val loss: 1.2069
Train loss: 0.9646 - Val loss: 1.1269
Train loss: 1.0119 - Val loss: 1.0563
Train loss: 1.0204 - Val loss: 1.0434
Train loss: 0.9717 - Val loss: 1.0011
Train loss: 1.0019 - Val loss: 1.0077
Train loss: 0.9801 - Val loss: 1.0426
Train loss: 0.9183 - Val loss: 1.1557
Train loss: 1.0720 - Val loss: 1.0668
Train loss: 0.9736 - Val loss: 1.1749
Train loss: 0.9666 - Val loss: 1.1012
Train loss: 0.9405 - Val loss: 1.0024
Train loss: 0.9595 - Val loss: 1.0444
Train loss: 0.9252 - Val loss: 1.0197
Train loss: 0.8769 - Val loss: 1.0398
Train loss: 0.8429 - Val loss: 1.0854
Train loss: 0.8335 - Val loss: 1.0496
Train loss: 0.8066 - Val loss: 1.1040
Train loss: 0.7918 - Val loss: 1.1947
Train loss: 0.8043 - Val loss: 1.1329
Train loss: 0.7685 - Val loss: 1.0719
Train loss: 0.7607 - Val loss: 1.0431
Train loss: 0.7518 - Val loss: 1.0157
Train loss: 0.7542 - Val loss: 1.1698
Train loss: 0.7760 - Val loss: 1.1262
Train loss: 0.7550 - Val loss: 1.1980
Train loss: 0.7340 - Val loss: 1.2467
Train loss: 0.7097 - Val loss: 1.1379
Train loss: 0.8938 - Val loss: 1.0682
Train loss: 1.2006 - Val loss: 1.1673
Train loss: 1.1783 - Val loss: 1.1564
Train loss: 1.1387 - Val loss: 1.0728
Train loss: 1.0454 - Val loss: 1.1090
